2024-06-24 20:00:01 Started: 20240624_2000
2024-06-24 20:00:01 Running: scripts/run.sh conf/iata_1.txt
2024-06-24 20:00:01 Running: python3 scripts/main.py MMK KGD 20240624_2000
2024-06-24 20:00:01 Running: scripts/run.sh conf/iata_2.txt
2024-06-24 20:00:01 Running: python3 scripts/main.py KGD MMK 20240624_2000
2024-06-24 20:00:01 Running: python3 scripts/main.py LED PEK 20240624_2000
2024-06-24 20:00:01 Running: python3 scripts/main.py PEK LED 20240624_2000
2024-06-24 20:00:01 Running: scripts/run.sh conf/iata_3.txt
2024-06-24 20:00:01 Running: python3 scripts/main.py MOW EVN 20240624_2000
2024-06-24 20:00:01 Running: python3 scripts/main.py EVN MOW 20240624_2000
2024-06-24 20:02:39 Running: python3 scripts/main.py LED KZN 20240624_2000
2024-06-24 20:02:39 Running: python3 scripts/main.py KZN LED 20240624_2000
2024-06-24 20:02:42 Running: python3 scripts/main.py MOW MCX 20240624_2000
2024-06-24 20:02:42 Running: python3 scripts/main.py MCX MOW 20240624_2000
2024-06-24 20:02:44 Running: python3 scripts/main.py LED MMK 20240624_2000
2024-06-24 20:02:44 Running: python3 scripts/main.py MMK LED 20240624_2000
2024-06-24 20:05:22 Running: python3 scripts/main.py LED TOF 20240624_2000
2024-06-24 20:05:22 Running: python3 scripts/main.py TOF LED 20240624_2000
2024-06-24 20:05:25 Running: python3 scripts/main.py MOW MSQ 20240624_2000
2024-06-24 20:05:25 Running: python3 scripts/main.py MSQ MOW 20240624_2000
2024-06-24 20:05:26 Running: python3 scripts/main.py LED KGD 20240624_2000
2024-06-24 20:05:26 Running: python3 scripts/main.py KGD LED 20240624_2000
2024-06-24 20:08:01 Running: python3 scripts/main.py LED VVO 20240624_2000
2024-06-24 20:08:01 Running: python3 scripts/main.py VVO LED 20240624_2000
2024-06-24 20:08:02 Running: python3 scripts/main.py MOW GYD 20240624_2000
2024-06-24 20:08:02 Running: python3 scripts/main.py GYD MOW 20240624_2000
2024-06-24 20:08:08 Running: python3 scripts/main.py LED IST 20240624_2000
2024-06-24 20:08:08 Running: python3 scripts/main.py IST LED 20240624_2000
2024-06-24 20:10:39 Running: python3 scripts/main.py LED PKC 20240624_2000
2024-06-24 20:10:39 Running: python3 scripts/main.py PKC LED 20240624_2000
2024-06-24 20:10:44 Running: python3 scripts/main.py MOW HKT 20240624_2000
2024-06-24 20:10:44 Running: python3 scripts/main.py HKT MOW 20240624_2000
2024-06-24 20:10:49 Running: python3 scripts/main.py LED MRV 20240624_2000
2024-06-24 20:10:49 Running: python3 scripts/main.py MRV LED 20240624_2000
2024-06-24 20:13:22 Running: python3 scripts/main.py MOW MMK 20240624_2000
2024-06-24 20:13:22 Running: python3 scripts/main.py MMK MOW 20240624_2000
2024-06-24 20:13:24 Running: python3 scripts/main.py MOW HAN 20240624_2000
2024-06-24 20:13:24 Running: python3 scripts/main.py HAN MOW 20240624_2000
2024-06-24 20:13:30 Running: python3 scripts/main.py LED AER 20240624_2000
2024-06-24 20:13:30 Running: python3 scripts/main.py AER LED 20240624_2000
2024-06-24 20:15:58 Running: python3 scripts/main.py MOW KGD 20240624_2000
2024-06-24 20:15:58 Running: python3 scripts/main.py KGD MOW 20240624_2000
2024-06-24 20:16:02 Running: python3 scripts/main.py MOW PEK 20240624_2000
2024-06-24 20:16:02 Running: python3 scripts/main.py PEK MOW 20240624_2000
2024-06-24 20:16:10 Running: python3 scripts/main.py LED EVN 20240624_2000
2024-06-24 20:16:10 Running: python3 scripts/main.py EVN LED 20240624_2000
2024-06-24 20:18:39 Running: python3 scripts/main.py MOW LED 20240624_2000
2024-06-24 20:18:39 Running: python3 scripts/main.py LED MOW 20240624_2000
2024-06-24 20:18:39 Running: python3 scripts/main.py MOW KZN 20240624_2000
2024-06-24 20:18:39 Running: python3 scripts/main.py KZN MOW 20240624_2000
2024-06-24 20:18:51 Running: python3 scripts/main.py LED MCX 20240624_2000
2024-06-24 20:18:51 Running: python3 scripts/main.py MCX LED 20240624_2000
2024-06-24 20:21:21 Running: python3 scripts/main.py MOW TOF 20240624_2000
2024-06-24 20:21:21 Running: python3 scripts/main.py TOF MOW 20240624_2000
2024-06-24 20:21:22 Running: python3 scripts/main.py MOW IST 20240624_2000
2024-06-24 20:21:22 Running: python3 scripts/main.py IST MOW 20240624_2000
2024-06-24 20:21:36 Running: python3 scripts/main.py LED MSQ 20240624_2000
2024-06-24 20:21:36 Running: python3 scripts/main.py MSQ LED 20240624_2000
2024-06-24 20:24:00 Running: python3 scripts/main.py MOW VVO 20240624_2000
2024-06-24 20:24:00 Running: python3 scripts/main.py VVO MOW 20240624_2000
2024-06-24 20:24:07 Running: python3 scripts/main.py MOW MRV 20240624_2000
2024-06-24 20:24:07 Running: python3 scripts/main.py MRV MOW 20240624_2000
2024-06-24 20:24:14 Running: python3 scripts/main.py LED GYD 20240624_2000
2024-06-24 20:24:15 Running: python3 scripts/main.py GYD LED 20240624_2000
2024-06-24 20:26:59 Running: python3 scripts/main.py LED HKT 20240624_2000
2024-06-24 20:26:59 Running: python3 scripts/main.py HKT LED 20240624_2000
2024-06-24 20:29:49 Running: cat files/data_*20240624_2000.txt > files/data/data_20240624_2000.txt
2024-06-24 20:29:49 Running: rm files/data_*20240624_2000.txt
2024-06-24 20:29:49 Completed: 20240624_2000
