2024-06-24 02:00:01 Started: 20240624_0200
2024-06-24 02:00:01 Running: scripts/run.sh conf/iata_1.txt
2024-06-24 02:00:01 Running: scripts/run.sh conf/iata_2.txt
2024-06-24 02:00:01 Running: python3 scripts/main.py MMK KGD 20240624_0200
2024-06-24 02:00:01 Running: python3 scripts/main.py LED PEK 20240624_0200
2024-06-24 02:00:01 Running: python3 scripts/main.py KGD MMK 20240624_0200
2024-06-24 02:00:01 Running: scripts/run.sh conf/iata_3.txt
2024-06-24 02:00:01 Running: python3 scripts/main.py MOW EVN 20240624_0200
2024-06-24 02:00:01 Running: python3 scripts/main.py PEK LED 20240624_0200
2024-06-24 02:00:01 Running: python3 scripts/main.py EVN MOW 20240624_0200
2024-06-24 02:02:29 Running: python3 scripts/main.py MOW MCX 20240624_0200
2024-06-24 02:02:29 Running: python3 scripts/main.py MCX MOW 20240624_0200
2024-06-24 02:02:29 Running: python3 scripts/main.py LED KZN 20240624_0200
2024-06-24 02:02:29 Running: python3 scripts/main.py KZN LED 20240624_0200
2024-06-24 02:02:29 Running: python3 scripts/main.py LED MMK 20240624_0200
2024-06-24 02:02:29 Running: python3 scripts/main.py MMK LED 20240624_0200
2024-06-24 02:04:53 Running: python3 scripts/main.py MOW MSQ 20240624_0200
2024-06-24 02:04:53 Running: python3 scripts/main.py MSQ MOW 20240624_0200
2024-06-24 02:04:56 Running: python3 scripts/main.py LED TOF 20240624_0200
2024-06-24 02:04:56 Running: python3 scripts/main.py TOF LED 20240624_0200
2024-06-24 02:04:57 Running: python3 scripts/main.py LED KGD 20240624_0200
2024-06-24 02:04:57 Running: python3 scripts/main.py KGD LED 20240624_0200
2024-06-24 02:07:21 Running: python3 scripts/main.py MOW GYD 20240624_0200
2024-06-24 02:07:21 Running: python3 scripts/main.py GYD MOW 20240624_0200
2024-06-24 02:07:26 Running: python3 scripts/main.py LED VVO 20240624_0200
2024-06-24 02:07:26 Running: python3 scripts/main.py VVO LED 20240624_0200
2024-06-24 02:07:26 Running: python3 scripts/main.py LED IST 20240624_0200
2024-06-24 02:07:26 Running: python3 scripts/main.py IST LED 20240624_0200
2024-06-24 02:09:49 Running: python3 scripts/main.py MOW HKT 20240624_0200
2024-06-24 02:09:49 Running: python3 scripts/main.py HKT MOW 20240624_0200
2024-06-24 02:09:53 Running: python3 scripts/main.py LED PKC 20240624_0200
2024-06-24 02:09:53 Running: python3 scripts/main.py PKC LED 20240624_0200
2024-06-24 02:09:54 Running: python3 scripts/main.py LED MRV 20240624_0200
2024-06-24 02:09:54 Running: python3 scripts/main.py MRV LED 20240624_0200
2024-06-24 02:12:18 Running: python3 scripts/main.py MOW HAN 20240624_0200
2024-06-24 02:12:18 Running: python3 scripts/main.py HAN MOW 20240624_0200
2024-06-24 02:12:22 Running: python3 scripts/main.py MOW MMK 20240624_0200
2024-06-24 02:12:22 Running: python3 scripts/main.py MMK MOW 20240624_0200
2024-06-24 02:12:23 Running: python3 scripts/main.py LED AER 20240624_0200
2024-06-24 02:12:23 Running: python3 scripts/main.py AER LED 20240624_0200
2024-06-24 02:14:43 Running: python3 scripts/main.py MOW PEK 20240624_0200
2024-06-24 02:14:43 Running: python3 scripts/main.py PEK MOW 20240624_0200
2024-06-24 02:14:47 Running: python3 scripts/main.py MOW KGD 20240624_0200
2024-06-24 02:14:47 Running: python3 scripts/main.py KGD MOW 20240624_0200
2024-06-24 02:14:50 Running: python3 scripts/main.py LED EVN 20240624_0200
2024-06-24 02:14:50 Running: python3 scripts/main.py EVN LED 20240624_0200
2024-06-24 02:17:12 Running: python3 scripts/main.py MOW KZN 20240624_0200
2024-06-24 02:17:12 Running: python3 scripts/main.py KZN MOW 20240624_0200
2024-06-24 02:17:14 Running: python3 scripts/main.py MOW LED 20240624_0200
2024-06-24 02:17:14 Running: python3 scripts/main.py LED MOW 20240624_0200
2024-06-24 02:17:19 Running: python3 scripts/main.py LED MCX 20240624_0200
2024-06-24 02:17:19 Running: python3 scripts/main.py MCX LED 20240624_0200
2024-06-24 02:19:39 Running: python3 scripts/main.py MOW TOF 20240624_0200
2024-06-24 02:19:39 Running: python3 scripts/main.py TOF MOW 20240624_0200
2024-06-24 02:19:41 Running: python3 scripts/main.py MOW IST 20240624_0200
2024-06-24 02:19:41 Running: python3 scripts/main.py IST MOW 20240624_0200
2024-06-24 02:19:48 Running: python3 scripts/main.py LED MSQ 20240624_0200
2024-06-24 02:19:48 Running: python3 scripts/main.py MSQ LED 20240624_0200
2024-06-24 02:22:05 Running: python3 scripts/main.py MOW VVO 20240624_0200
2024-06-24 02:22:05 Running: python3 scripts/main.py VVO MOW 20240624_0200
2024-06-24 02:22:07 Running: python3 scripts/main.py MOW MRV 20240624_0200
2024-06-24 02:22:07 Running: python3 scripts/main.py MRV MOW 20240624_0200
2024-06-24 02:22:16 Running: python3 scripts/main.py LED GYD 20240624_0200
2024-06-24 02:22:16 Running: python3 scripts/main.py GYD LED 20240624_0200
2024-06-24 02:24:44 Running: python3 scripts/main.py LED HKT 20240624_0200
2024-06-24 02:24:44 Running: python3 scripts/main.py HKT LED 20240624_0200
2024-06-24 02:27:10 Running: cat files/data_*20240624_0200.txt > files/data/data_20240624_0200.txt
2024-06-24 02:27:10 Running: rm files/data_*20240624_0200.txt
2024-06-24 02:27:10 Completed: 20240624_0200
