2024-06-24 08:00:01 Started: 20240624_0800
2024-06-24 08:00:01 Running: scripts/run.sh conf/iata_1.txt
2024-06-24 08:00:01 Running: scripts/run.sh conf/iata_2.txt
2024-06-24 08:00:01 Running: python3 scripts/main.py MMK KGD 20240624_0800
2024-06-24 08:00:01 Running: scripts/run.sh conf/iata_3.txt
2024-06-24 08:00:01 Running: python3 scripts/main.py LED PEK 20240624_0800
2024-06-24 08:00:01 Running: python3 scripts/main.py KGD MMK 20240624_0800
2024-06-24 08:00:01 Running: python3 scripts/main.py MOW EVN 20240624_0800
2024-06-24 08:00:01 Running: python3 scripts/main.py EVN MOW 20240624_0800
2024-06-24 08:00:01 Running: python3 scripts/main.py PEK LED 20240624_0800
2024-06-24 08:02:30 Running: python3 scripts/main.py LED KZN 20240624_0800
2024-06-24 08:02:30 Running: python3 scripts/main.py KZN LED 20240624_0800
2024-06-24 08:02:31 Running: python3 scripts/main.py LED MMK 20240624_0800
2024-06-24 08:02:31 Running: python3 scripts/main.py MMK LED 20240624_0800
2024-06-24 08:02:32 Running: python3 scripts/main.py MOW MCX 20240624_0800
2024-06-24 08:02:32 Running: python3 scripts/main.py MCX MOW 20240624_0800
2024-06-24 08:05:06 Running: python3 scripts/main.py LED KGD 20240624_0800
2024-06-24 08:05:06 Running: python3 scripts/main.py KGD LED 20240624_0800
2024-06-24 08:05:08 Running: python3 scripts/main.py MOW MSQ 20240624_0800
2024-06-24 08:05:08 Running: python3 scripts/main.py MSQ MOW 20240624_0800
2024-06-24 08:05:09 Running: python3 scripts/main.py LED TOF 20240624_0800
2024-06-24 08:05:09 Running: python3 scripts/main.py TOF LED 20240624_0800
2024-06-24 08:07:41 Running: python3 scripts/main.py MOW GYD 20240624_0800
2024-06-24 08:07:41 Running: python3 scripts/main.py GYD MOW 20240624_0800
2024-06-24 08:07:41 Running: python3 scripts/main.py LED IST 20240624_0800
2024-06-24 08:07:41 Running: python3 scripts/main.py IST LED 20240624_0800
2024-06-24 08:07:42 Running: python3 scripts/main.py LED VVO 20240624_0800
2024-06-24 08:07:42 Running: python3 scripts/main.py VVO LED 20240624_0800
2024-06-24 08:10:11 Running: python3 scripts/main.py LED PKC 20240624_0800
2024-06-24 08:10:11 Running: python3 scripts/main.py PKC LED 20240624_0800
2024-06-24 08:10:11 Running: python3 scripts/main.py LED MRV 20240624_0800
2024-06-24 08:10:11 Running: python3 scripts/main.py MRV LED 20240624_0800
2024-06-24 08:10:12 Running: python3 scripts/main.py MOW HKT 20240624_0800
2024-06-24 08:10:12 Running: python3 scripts/main.py HKT MOW 20240624_0800
2024-06-24 08:12:40 Running: python3 scripts/main.py MOW HAN 20240624_0800
2024-06-24 08:12:40 Running: python3 scripts/main.py HAN MOW 20240624_0800
2024-06-24 08:12:40 Running: python3 scripts/main.py MOW MMK 20240624_0800
2024-06-24 08:12:40 Running: python3 scripts/main.py MMK MOW 20240624_0800
2024-06-24 08:12:43 Running: python3 scripts/main.py LED AER 20240624_0800
2024-06-24 08:12:43 Running: python3 scripts/main.py AER LED 20240624_0800
2024-06-24 08:15:07 Running: python3 scripts/main.py MOW PEK 20240624_0800
2024-06-24 08:15:07 Running: python3 scripts/main.py PEK MOW 20240624_0800
2024-06-24 08:15:09 Running: python3 scripts/main.py MOW KGD 20240624_0800
2024-06-24 08:15:09 Running: python3 scripts/main.py KGD MOW 20240624_0800
2024-06-24 08:15:15 Running: python3 scripts/main.py LED EVN 20240624_0800
2024-06-24 08:15:15 Running: python3 scripts/main.py EVN LED 20240624_0800
2024-06-24 08:17:37 Running: python3 scripts/main.py MOW KZN 20240624_0800
2024-06-24 08:17:37 Running: python3 scripts/main.py KZN MOW 20240624_0800
2024-06-24 08:17:38 Running: python3 scripts/main.py MOW LED 20240624_0800
2024-06-24 08:17:38 Running: python3 scripts/main.py LED MOW 20240624_0800
2024-06-24 08:17:46 Running: python3 scripts/main.py LED MCX 20240624_0800
2024-06-24 08:17:46 Running: python3 scripts/main.py MCX LED 20240624_0800
2024-06-24 08:20:07 Running: python3 scripts/main.py MOW IST 20240624_0800
2024-06-24 08:20:07 Running: python3 scripts/main.py IST MOW 20240624_0800
2024-06-24 08:20:09 Running: python3 scripts/main.py MOW TOF 20240624_0800
2024-06-24 08:20:09 Running: python3 scripts/main.py TOF MOW 20240624_0800
2024-06-24 08:20:18 Running: python3 scripts/main.py LED MSQ 20240624_0800
2024-06-24 08:20:18 Running: python3 scripts/main.py MSQ LED 20240624_0800
2024-06-24 08:22:38 Running: python3 scripts/main.py MOW MRV 20240624_0800
2024-06-24 08:22:38 Running: python3 scripts/main.py MRV MOW 20240624_0800
2024-06-24 08:22:39 Running: python3 scripts/main.py MOW VVO 20240624_0800
2024-06-24 08:22:39 Running: python3 scripts/main.py VVO MOW 20240624_0800
2024-06-24 08:22:51 Running: python3 scripts/main.py LED GYD 20240624_0800
2024-06-24 08:22:51 Running: python3 scripts/main.py GYD LED 20240624_0800
2024-06-24 08:25:23 Running: python3 scripts/main.py LED HKT 20240624_0800
2024-06-24 08:25:23 Running: python3 scripts/main.py HKT LED 20240624_0800
2024-06-24 08:27:53 Running: cat files/data_*20240624_0800.txt > files/data/data_20240624_0800.txt
2024-06-24 08:27:53 Running: rm files/data_*20240624_0800.txt
2024-06-24 08:27:53 Completed: 20240624_0800
