2024-06-29 08:00:01 Started: 20240629_0800
2024-06-29 08:00:01 Running: scripts/run.sh conf/iata_1.txt
2024-06-29 08:00:01 Running: scripts/run.sh conf/iata_2.txt
2024-06-29 08:00:01 Running: python3 scripts/main.py MMK KGD 20240629_0800
2024-06-29 08:00:01 Running: python3 scripts/main.py LED PEK 20240629_0800
2024-06-29 08:00:01 Running: python3 scripts/main.py KGD MMK 20240629_0800
2024-06-29 08:00:01 Running: scripts/run.sh conf/iata_3.txt
2024-06-29 08:00:01 Running: python3 scripts/main.py PEK LED 20240629_0800
2024-06-29 08:00:01 Running: python3 scripts/main.py MOW EVN 20240629_0800
2024-06-29 08:00:01 Running: python3 scripts/main.py EVN MOW 20240629_0800
2024-06-29 08:02:28 Running: python3 scripts/main.py LED MMK 20240629_0800
2024-06-29 08:02:28 Running: python3 scripts/main.py MMK LED 20240629_0800
2024-06-29 08:02:29 Running: python3 scripts/main.py MOW MCX 20240629_0800
2024-06-29 08:02:29 Running: python3 scripts/main.py MCX MOW 20240629_0800
2024-06-29 08:02:30 Running: python3 scripts/main.py LED KZN 20240629_0800
2024-06-29 08:02:30 Running: python3 scripts/main.py KZN LED 20240629_0800
2024-06-29 08:04:56 Running: python3 scripts/main.py LED KGD 20240629_0800
2024-06-29 08:04:56 Running: python3 scripts/main.py KGD LED 20240629_0800
2024-06-29 08:04:57 Running: python3 scripts/main.py MOW MSQ 20240629_0800
2024-06-29 08:04:57 Running: python3 scripts/main.py MSQ MOW 20240629_0800
2024-06-29 08:04:59 Running: python3 scripts/main.py LED TOF 20240629_0800
2024-06-29 08:04:59 Running: python3 scripts/main.py TOF LED 20240629_0800
2024-06-29 08:07:26 Running: python3 scripts/main.py LED IST 20240629_0800
2024-06-29 08:07:26 Running: python3 scripts/main.py IST LED 20240629_0800
2024-06-29 08:07:27 Running: python3 scripts/main.py MOW GYD 20240629_0800
2024-06-29 08:07:27 Running: python3 scripts/main.py GYD MOW 20240629_0800
2024-06-29 08:07:28 Running: python3 scripts/main.py LED VVO 20240629_0800
2024-06-29 08:07:28 Running: python3 scripts/main.py VVO LED 20240629_0800
2024-06-29 08:09:57 Running: python3 scripts/main.py LED MRV 20240629_0800
2024-06-29 08:09:57 Running: python3 scripts/main.py MRV LED 20240629_0800
2024-06-29 08:09:57 Running: python3 scripts/main.py LED PKC 20240629_0800
2024-06-29 08:09:57 Running: python3 scripts/main.py PKC LED 20240629_0800
2024-06-29 08:09:58 Running: python3 scripts/main.py MOW HKT 20240629_0800
2024-06-29 08:09:58 Running: python3 scripts/main.py HKT MOW 20240629_0800
2024-06-29 08:12:28 Running: python3 scripts/main.py MOW MMK 20240629_0800
2024-06-29 08:12:28 Running: python3 scripts/main.py MMK MOW 20240629_0800
2024-06-29 08:12:28 Running: python3 scripts/main.py LED AER 20240629_0800
2024-06-29 08:12:28 Running: python3 scripts/main.py AER LED 20240629_0800
2024-06-29 08:12:30 Running: python3 scripts/main.py MOW HAN 20240629_0800
2024-06-29 08:12:30 Running: python3 scripts/main.py HAN MOW 20240629_0800
2024-06-29 08:16:18 Running: python3 scripts/main.py MOW KGD 20240629_0800
2024-06-29 08:16:18 Running: python3 scripts/main.py KGD MOW 20240629_0800
2024-06-29 08:16:19 Running: python3 scripts/main.py LED EVN 20240629_0800
2024-06-29 08:16:19 Running: python3 scripts/main.py EVN LED 20240629_0800
2024-06-29 08:16:19 Running: python3 scripts/main.py MOW PEK 20240629_0800
2024-06-29 08:16:19 Running: python3 scripts/main.py PEK MOW 20240629_0800
2024-06-29 08:26:44 Running: python3 scripts/main.py MOW LED 20240629_0800
2024-06-29 08:26:44 Running: python3 scripts/main.py LED MOW 20240629_0800
2024-06-29 08:26:45 Running: python3 scripts/main.py LED MCX 20240629_0800
2024-06-29 08:26:45 Running: python3 scripts/main.py MCX LED 20240629_0800
2024-06-29 08:26:47 Running: python3 scripts/main.py MOW KZN 20240629_0800
2024-06-29 08:26:47 Running: python3 scripts/main.py KZN MOW 20240629_0800
2024-06-29 08:29:45 Running: python3 scripts/main.py MOW IST 20240629_0800
2024-06-29 08:29:45 Running: python3 scripts/main.py IST MOW 20240629_0800
2024-06-29 08:29:48 Running: python3 scripts/main.py LED MSQ 20240629_0800
2024-06-29 08:29:48 Running: python3 scripts/main.py MSQ LED 20240629_0800
2024-06-29 08:29:50 Running: python3 scripts/main.py MOW TOF 20240629_0800
2024-06-29 08:29:50 Running: python3 scripts/main.py TOF MOW 20240629_0800
2024-06-29 08:32:18 Running: python3 scripts/main.py MOW MRV 20240629_0800
2024-06-29 08:32:18 Running: python3 scripts/main.py MRV MOW 20240629_0800
2024-06-29 08:32:22 Running: python3 scripts/main.py MOW VVO 20240629_0800
2024-06-29 08:32:22 Running: python3 scripts/main.py VVO MOW 20240629_0800
2024-06-29 08:32:22 Running: python3 scripts/main.py LED GYD 20240629_0800
2024-06-29 08:32:22 Running: python3 scripts/main.py GYD LED 20240629_0800
2024-06-29 08:55:09 Running: python3 scripts/main.py LED HKT 20240629_0800
2024-06-29 08:55:09 Running: python3 scripts/main.py HKT LED 20240629_0800
2024-06-29 08:57:36 Running: cat files/data_*20240629_0800.txt > files/data/data_20240629_0800.txt
2024-06-29 08:57:36 Running: rm files/data_*20240629_0800.txt
2024-06-29 08:57:36 Completed: 20240629_0800
